Arguments: 
  /Users/aupiff/.nvm/versions/node/v18.17.0/bin/node /opt/homebrew/bin/yarn install

PATH: 
  /opt/homebrew/opt/openssl@3/bin:/Users/aupiff/.nvm/versions/node/v18.17.0/bin:/opt/homebrew/bin:/opt/homebrew/sbin:/usr/local/bin:/usr/bin:/bin:/usr/sbin:/sbin:/opt/homebrew/opt/openssl@3/bin:/Users/aupiff/.nvm/versions/node/v18.17.0/bin:/opt/homebrew/bin:/opt/homebrew/sbin:/Users/aupiff/.cargo/bin:/Users/aupiff/.foundry/bin:/Users/aupiff/Library/Python/3.8/bin:/Users/aupiff/bin:/Users/aupiff/Library/Python/3.8/bin:/Users/aupiff/bin

Yarn version: 
  1.22.17

Node version: 
  18.17.0

Platform: 
  darwin arm64

Trace: 
  SyntaxError: /Users/aupiff/prg/gmbl/gmbl-oft/package.json: Unexpected string in JSON at position 289
      at JSON.parse (<anonymous>)
      at /opt/homebrew/lib/node_modules/yarn/lib/cli.js:1625:59
      at Generator.next (<anonymous>)
      at step (/opt/homebrew/lib/node_modules/yarn/lib/cli.js:310:30)
      at /opt/homebrew/lib/node_modules/yarn/lib/cli.js:321:13

npm manifest: 
  {
    "name": "gmbl-oft",
    "version": "1.0.0",
    "main": "index.js",
    "license": "MIT",
    "scripts": {
      "test": "yarn hardhat test",
      "deploy": "yarn hardhat run scripts/deploy.js",
      "create-etherscan-verify-json": "yarn hardhat run scripts/createArbiscanVerificationJson.js"
      "create-snowtrace-verify-json": "yarn hardhat run scripts/createSnowtraceVerificationJson.js"
    },
    "dependencies": {
      "@openzeppelin/contracts": "^5.0.1",
      "dotenv": "^16.0.3",
      "hardhat": "^2.19.4"
    },
    "devDependencies": {
      "@ethersproject/abi": "^5.4.7",
      "@ethersproject/providers": "^5.4.7",
      "@nomicfoundation/hardhat-chai-matchers": "^1.0.0",
      "@nomicfoundation/hardhat-network-helpers": "^1.0.0",
      "@nomicfoundation/hardhat-toolbox": "^2.0.0",
      "@nomiclabs/hardhat-ethers": "^2.0.0",
      "@nomiclabs/hardhat-etherscan": "^3.0.0",
      "@typechain/ethers-v5": "^10.1.0",
      "@typechain/hardhat": "^6.1.2",
      "chai": "^4.2.0",
      "ethers": "^5.4.7",
      "hardhat-gas-reporter": "^1.0.8",
      "solidity-coverage": "^0.8.0",
      "typechain": "^8.1.0"
    }
  }

yarn manifest: 
  No manifest

Lockfile: 
  No lockfile
